<?xml version="1.0" encoding="UTF-8"?>
<!-- Generated by org.testng.reporters.JUnitXMLReporter -->
<testsuite hostname="DESKTOP-RIP8TGC" ignored="0" name="Default test" tests="8" failures="0" timestamp="05 Nov 2019 02:04:35 GMT" time="65.773" errors="0">
  <testcase name="validateButton" time="3.646" classname="test.LandingTest"/>
  <testcase name="validateFrom" time="8.264" classname="test.LandingTest"/>
  <testcase name="validateTo" time="3.187" classname="test.LandingTest"/>
  <testcase name="validateDepartindDate" time="7.869" classname="test.LandingTest"/>
  <testcase name="validateReturnDate" time="8.049" classname="test.LandingTest"/>
  <testcase name="validateTravelInfo" time="6.827" classname="test.LandingTest"/>
  <testcase name="validateSerch" time="8.185" classname="test.LandingTest"/>
  <testcase name="validatePriceList" time="1.027" classname="test.LandingTest"/>
</testsuite> <!-- Default test -->
